
                            < M A T L A B (R) >
                  Copyright 1984-2018 The MathWorks, Inc.
                   R2018b (9.5.0.944444) 64-bit (glnxa64)
                              August 28, 2018

 
To get started, type doc.
For product information, visit www.mathworks.com.
 
Resetting path to factory state.
Adding "ToolboxToolbox" to path at "/home/adrian/Git/GitHub/ToolboxToolbox".
>> >> >> Locating project "analysis_and_fits_dyn_clicks" within "/home/adrian/Documents/MATLAB/projects".
  Found at "/home/adrian/Documents/MATLAB/projects/analysis_and_fits_dyn_clicks".
Local copy of ToolboxToolbox is up to date.
Updating "ToolboxRegistry".
Already up to date.
Updating "analysis_and_fits_dyn_clicks".
Already up to date.
Locating project "ideal_obs_dyn_clicks" within "/home/adrian/Documents/MATLAB/projects".
  Found at "/home/adrian/Documents/MATLAB/projects/ideal_obs_dyn_clicks".
Updating "ideal_obs_dyn_clicks".
Already up to date.
Locating project "Data_IO_Clicks_Project" within "/home/adrian/Documents/MATLAB/projects".
  Found at "/home/adrian/Documents/MATLAB/projects/Data_IO_Clicks_Project".
Updating "Data_IO_Clicks_Project".
Already up to date.
Resetting path to factory state.
Adding "ToolboxToolbox" to path at "/home/adrian/Git/GitHub/ToolboxToolbox".
Adding "analysis_and_fits_dyn_clicks" to path at "/home/adrian/Documents/MATLAB/projects/analysis_and_fits_dyn_clicks".
Locating project "ideal_obs_dyn_clicks" within "/home/adrian/Documents/MATLAB/projects".
  Found at "/home/adrian/Documents/MATLAB/projects/ideal_obs_dyn_clicks".
Adding "ideal_obs_dyn_clicks" to path at "/home/adrian/Documents/MATLAB/projects/ideal_obs_dyn_clicks".
Locating project "Data_IO_Clicks_Project" within "/home/adrian/Documents/MATLAB/projects".
  Found at "/home/adrian/Documents/MATLAB/projects/Data_IO_Clicks_Project".
Adding "Data_IO_Clicks_Project" to path at "/home/adrian/Documents/MATLAB/projects/Data_IO_Clicks_Project".
Checking for "analysis_and_fits_dyn_clicks" local hook.
Checking for "ideal_obs_dyn_clicks" local hook.
Checking for "Data_IO_Clicks_Project" local hook.
Looks good: 3 resolved toolboxes deployed OK.
>> >> >> >> >> >> >> >> >> >> >> >> >> >> >> >> >> >> >> >> >> >> >> >> >> >> >> >> >> >> >> >> >> >> >> >> >> >> >> >> >> >> Elapsed time is 161.271485 seconds.
>> 